0 info it worked if it ends with ok
1 verbose cli [ 'C:\\Program Files\\nodejs\\node.exe',
1 verbose cli   'C:\\Users\\mande\\AppData\\Roaming\\npm\\node_modules\\npm\\bin\\npm-cli.js',
1 verbose cli   'run',
1 verbose cli   'debug' ]
2 info using npm@4.0.2
3 info using node@v11.0.0
4 verbose run-script [ 'predebug', 'debug', 'postdebug' ]
5 info lifecycle aframe-vrm@0.0.1~predebug: aframe-vrm@0.0.1
6 silly lifecycle aframe-vrm@0.0.1~predebug: no script for predebug, continuing
7 info lifecycle aframe-vrm@0.0.1~debug: aframe-vrm@0.0.1
8 verbose lifecycle aframe-vrm@0.0.1~debug: unsafe-perm in lifecycle true
9 verbose lifecycle aframe-vrm@0.0.1~debug: PATH: C:\Users\mande\AppData\Roaming\npm\node_modules\npm\bin\node-gyp-bin;D:\mande\dev\aframe-vrm\node_modules\.bin;C:\Program Files\Git\mingw64\bin;C:\Program Files\Git\usr\bin;C:\Users\mande\bin;C:\Python27;C:\Python27\Scripts;C:\ProgramData\Boxstarter;C:\ActiveTcl\bin;C:\Windows\system32;C:\Windows;C:\Windows\System32\Wbem;C:\Windows\System32\WindowsPowerShell\v1.0;C:\Program Files (x86)\NVIDIA Corporation\PhysX\Common;C:\WINDOWS\system32;C:\WINDOWS;C:\WINDOWS\System32\Wbem;C:\WINDOWS\System32\WindowsPowerShell\v1.0;C:\Program Files\Java\jdk1.8.0_102\bin;C:\Users\mande\AppData\Local\Android\android-sdk\tools;C:\Program Files (x86)\Lua\5.1;C:\Program Files (x86)\Lua\5.1\clibs;C:\Users\mande\.dnx\bin;C:\Program Files\Microsoft DNX\Dnvm;C:\Program Files\Microsoft SQL Server\130\Tools\Binn;C:\HaxeToolkit\haxe;C:\HaxeToolkit\neko;C:\Program Files\Emscripten\node\0.12.2_64bit;C:\Program Files\CMake\bin;C:\Program Files (x86)\Graphviz2.38\bin;C:\WINDOWS\system32;C:\WINDOWS;C:\WINDOWS\System32\Wbem;C:\WINDOWS\System32\WindowsPowerShell\v1.0;C:\bin;C:\WINDOWS\System32\OpenSSH;C:\Program Files\dotnet;C:\Program Files\nodejs;C:\ProgramData\chocolatey\bin;C:\Program Files\NVIDIA Corporation\NVIDIA NvDLISR;C:\Program Files\Git\cmd;C:\Users\mande\AppData\Roaming\local\bin;C:\Users\mande\.cargo\bin;C:\Users\mande\AppData\Local\Microsoft\WindowsApps;C:\Users\mande\bin;C:\Users\mande\opt\apache-maven-3.5.2\bin;C:\Users\mande\opt\gradle-4.6\bin;C:\Users\mande\AppData\Roaming\npm;C:\Users\mande\AppData\Local\Yarn\bin;C:\Program Files\Microsoft VS Code\bin;C:\Program Files\MySQL\MySQL Server 5.7\bin;C:\Program Files (x86)\FontForgeBuilds\bin;C:\Users\mande\AppData\Local\Programs\Microsoft VS Code\bin;C:\Users\mande\AppData\Roaming\npm
10 verbose lifecycle aframe-vrm@0.0.1~debug: CWD: D:\mande\dev\aframe-vrm
11 silly lifecycle aframe-vrm@0.0.1~debug: Args: [ '/d /s /c',
11 silly lifecycle   'webpack-dev-server --config webpack.config.debug.js' ]
12 silly lifecycle aframe-vrm@0.0.1~debug: Returned: code: 1  signal: null
13 info lifecycle aframe-vrm@0.0.1~debug: Failed to exec debug script
14 verbose stack Error: aframe-vrm@0.0.1 debug: `webpack-dev-server --config webpack.config.debug.js`
14 verbose stack Exit status 1
14 verbose stack     at EventEmitter.<anonymous> (C:\Users\mande\AppData\Roaming\npm\node_modules\npm\lib\utils\lifecycle.js:279:16)
14 verbose stack     at EventEmitter.emit (events.js:182:13)
14 verbose stack     at ChildProcess.<anonymous> (C:\Users\mande\AppData\Roaming\npm\node_modules\npm\lib\utils\spawn.js:40:14)
14 verbose stack     at ChildProcess.emit (events.js:182:13)
14 verbose stack     at maybeClose (internal/child_process.js:962:16)
14 verbose stack     at Process.ChildProcess._handle.onexit (internal/child_process.js:251:5)
15 verbose pkgid aframe-vrm@0.0.1
16 verbose cwd D:\mande\dev\aframe-vrm
17 error Windows_NT 10.0.17134
18 error argv "C:\\Program Files\\nodejs\\node.exe" "C:\\Users\\mande\\AppData\\Roaming\\npm\\node_modules\\npm\\bin\\npm-cli.js" "run" "debug"
19 error node v11.0.0
20 error npm  v4.0.2
21 error code ELIFECYCLE
22 error aframe-vrm@0.0.1 debug: `webpack-dev-server --config webpack.config.debug.js`
22 error Exit status 1
23 error Failed at the aframe-vrm@0.0.1 debug script 'webpack-dev-server --config webpack.config.debug.js'.
23 error Make sure you have the latest version of node.js and npm installed.
23 error If you do, this is most likely a problem with the aframe-vrm package,
23 error not with npm itself.
23 error Tell the author that this fails on your system:
23 error     webpack-dev-server --config webpack.config.debug.js
23 error You can get information on how to open an issue for this project with:
23 error     npm bugs aframe-vrm
23 error Or if that isn't available, you can get their info via:
23 error     npm owner ls aframe-vrm
23 error There is likely additional logging output above.
24 verbose exit [ 1, true ]
